PLINK v1.90b6.21 64-bit (19 Oct 2020)
Options in effect:
  --pca 3
  --vcf ALL.chr21.shapeit2_integrated_v1a.GRCh38.20181129.phased.vcf.gz

Hostname: bootcamp-53.win.ad.jhu.edu
Working directory: /Users/cmdb/qbb2022-answers/day3-homework
Start time: Wed Aug 31 16:33:21 2022

Random number seed: 1661978001
16384 MB RAM detected; reserving 8192 MB for main workspace.
--vcf: plink-temporary.bed + plink-temporary.bim + plink-temporary.fam written.
976599 variants loaded from .bim file.
2548 people (0 males, 0 females, 2548 ambiguous) loaded from .fam.
Ambiguous sex IDs written to plink.nosex .
Using up to 8 threads (change this with --threads).
Before main variant filters, 2548 founders and 0 nonfounders present.
Calculating allele frequencies... done.
976599 variants and 2548 people pass filters and QC.
Note: No phenotypes present.
Relationship matrix calculation complete.
--pca: Results saved to plink.eigenval and plink.eigenvec .

End time: Wed Aug 31 16:35:12 2022
